CSR-5-CE-ASN-456#
CSR-5-CE-ASN-456#
CSR-5-CE-ASN-456#
CSR-5-CE-ASN-456#sh run
Building configuration...

Current configuration : 2109 bytes
!
! Last configuration change at 18:12:39 UTC Sat Oct 31 2020
!
version 16.6
service timestamps debug datetime msec
service timestamps log datetime msec
platform qfp utilization monitor load 80
no platform punt-keepalive disable-kernel-core
platform console serial
!
hostname CSR-5-CE-ASN-456
!
boot-start-marker
boot-end-marker
!
!
!
no aaa new-model
!
!
!
!
!
!
!
no ip domain lookup
!
!
!
no login on-success log
!
!
!
!
!
!
!
subscriber templating
! 
! 
! 
! 
!
ipv6 unicast-routing
!
!
multilink bundle-name authenticated
!
!
!
!
!
crypto pki trustpoint TP-self-signed-3738844489
 enrollment selfsigned
 subject-name cn=IOS-Self-Signed-Certificate-3738844489
 revocation-check none
 rsakeypair TP-self-signed-3738844489
!
!
crypto pki certificate chain TP-self-signed-3738844489
!
!
!
!
!
!
!
!
!
license udi pid CSR1000V sn 9S21TB3Q7A7
diagnostic bootup level minimal
spanning-tree extend system-id
!
!
!
!
redundancy
!
!
!
!
!
!
! 
!
!
!
!
!
!
!
!
!
!
!
!
! 
! 
!
!
interface Loopback0
 ip address 5.5.5.5 255.255.255.255
 ipv6 address 2001::5/128
!
interface GigabitEthernet1
 no ip address
 negotiation auto
 no mop enabled
 no mop sysid
!
interface GigabitEthernet1.15
 encapsulation dot1Q 15
 ip address 10.1.5.5 255.255.255.0
 ipv6 address 2001:1:5::5/64
!
interface GigabitEthernet1.45
 encapsulation dot1Q 45
 ip address 10.4.5.5 255.255.255.0
 ipv6 address 2001:4:5::5/64
!
interface GigabitEthernet1.56
 encapsulation dot1Q 56
 ip address 10.5.6.5 255.255.255.0
 ipv6 address 2001:5:6::5/64
!
router ospf 1
 network 5.5.5.5 0.0.0.0 area 0
 network 10.4.5.0 0.0.0.255 area 0
 network 10.5.6.0 0.0.0.255 area 0
!
router bgp 456
 bgp log-neighbor-changes
 network 5.5.5.5 mask 255.255.255.255
 neighbor 6.6.6.6 remote-as 456
 neighbor 6.6.6.6 update-source Loopback0
 neighbor 6.6.6.6 next-hop-self
 neighbor 10.1.5.1 remote-as 1
 neighbor 10.1.5.1 allowas-in
!
!
virtual-service csr_mgmt
!
ip forward-protocol nd
ip http server
ip http authentication local
ip http secure-server
!
!
!
!
!
!
control-plane
!
!
!
!
!
!
line con 0
 exec-timeout 0 0
 stopbits 1
line vty 0 4
 login
!
!
!
!
!
!
end

CSR-5-CE-ASN-456#
CSR-5-CE-ASN-456#
CSR-5-CE-ASN-456#
CSR-5-CE-ASN-456#
CSR-5-CE-ASN-456#
CSR-5-CE-ASN-456#
CSR-5-CE-ASN-456#
CSR-5-CE-ASN-456#
CSR-5-CE-ASN-456#
CSR-5-CE-ASN-456#
CSR-5-CE-ASN-456#
CSR-5-CE-ASN-456#
CSR-5-CE-ASN-456#sh ip int bri
Interface              IP-Address      OK? Method Status                Protocol
GigabitEthernet1       unassigned      YES unset  up                    up      
GigabitEthernet1.15    10.1.5.5        YES TFTP   up                    up      
GigabitEthernet1.45    10.4.5.5        YES TFTP   up                    up      
GigabitEthernet1.56    10.5.6.5        YES TFTP   up                    up      
Loopback0              5.5.5.5         YES TFTP   up                    up      
CSR-5-CE-ASN-456#
CSR-5-CE-ASN-456#
CSR-5-CE-ASN-456#
CSR-5-CE-ASN-456#
CSR-5-CE-ASN-456#
CSR-5-CE-ASN-456#
CSR-5-CE-ASN-456#
CSR-5-CE-ASN-456#
CSR-5-CE-ASN-456#
CSR-5-CE-ASN-456#
CSR-5-CE-ASN-456#
CSR-5-CE-ASN-456#
CSR-5-CE-ASN-456#
CSR-5-CE-ASN-456#
CSR-5-CE-ASN-456#
CSR-5-CE-ASN-456#show bgp ipv4 unicast summary
BGP router identifier 5.5.5.5, local AS number 456
BGP table version is 40, main routing table version 40
4 network entries using 992 bytes of memory
4 path entries using 544 bytes of memory
3/3 BGP path/bestpath attribute entries using 840 bytes of memory
1 BGP rrinfo entries using 40 bytes of memory
1 BGP AS-PATH entries using 40 bytes of memory
0 BGP route-map cache entries using 0 bytes of memory
0 BGP filter-list cache entries using 0 bytes of memory
BGP using 2456 total bytes of memory
BGP activity 18/14 prefixes, 19/15 paths, scan interval 60 secs

Neighbor        V           AS MsgRcvd MsgSent   TblVer  InQ OutQ Up/Down  State/PfxRcd
6.6.6.6         4          456      69      65       40    0    0 00:54:20        2
10.1.5.1        4            1      64      65       40    0    0 00:54:08        1
CSR-5-CE-ASN-456#
CSR-5-CE-ASN-456#
CSR-5-CE-ASN-456#
CSR-5-CE-ASN-456#
CSR-5-CE-ASN-456#
CSR-5-CE-ASN-456#
CSR-5-CE-ASN-456#
CSR-5-CE-ASN-456#
CSR-5-CE-ASN-456#
CSR-5-CE-ASN-456#
CSR-5-CE-ASN-456#
CSR-5-CE-ASN-456#
CSR-5-CE-ASN-456#
CSR-5-CE-ASN-456#
CSR-5-CE-ASN-456#
CSR-5-CE-ASN-456#show bgp ipv4 unicast
BGP table version is 40, local router ID is 5.5.5.5
Status codes: s suppressed, d damped, h history, * valid, > best, i - internal, 
              r RIB-failure, S Stale, m multipath, b backup-path, f RT-Filter, 
              x best-external, a additional-path, c RIB-compressed, 
              t secondary path, 
Origin codes: i - IGP, e - EGP, ? - incomplete
RPKI validation codes: V valid, I invalid, N Not found

     Network          Next Hop            Metric LocPrf Weight Path
 r>i  4.4.4.4/32       4.4.4.4                  0    100      0 i
 *>   5.5.5.5/32       0.0.0.0                  0         32768 i
 r>i  6.6.6.6/32       6.6.6.6                  0    100      0 i
 *>   7.7.7.7/32       10.1.5.1                               0 1 456 ?
CSR-5-CE-ASN-456#
CSR-5-CE-ASN-456#
CSR-5-CE-ASN-456#
CSR-5-CE-ASN-456#
CSR-5-CE-ASN-456#
CSR-5-CE-ASN-456#
CSR-5-CE-ASN-456#
CSR-5-CE-ASN-456#
CSR-5-CE-ASN-456#
CSR-5-CE-ASN-456#
CSR-5-CE-ASN-456#
CSR-5-CE-ASN-456#
CSR-5-CE-ASN-456#
CSR-5-CE-ASN-456#
CSR-5-CE-ASN-456#
CSR-5-CE-ASN-456#
CSR-5-CE-ASN-456#
CSR-5-CE-ASN-456#
CSR-5-CE-ASN-456#
CSR-5-CE-ASN-456#
CSR-5-CE-ASN-456#
CSR-5-CE-ASN-456#
CSR-5-CE-ASN-456#
CSR-5-CE-ASN-456#
CSR-5-CE-ASN-456#sh ip route
Codes: L - local, C - connected, S - static, R - RIP, M - mobile, B - BGP
       D - EIGRP, EX - EIGRP external, O - OSPF, IA - OSPF inter area 
       N1 - OSPF NSSA external type 1, N2 - OSPF NSSA external type 2
       E1 - OSPF external type 1, E2 - OSPF external type 2
       i - IS-IS, su - IS-IS summary, L1 - IS-IS level-1, L2 - IS-IS level-2
       ia - IS-IS inter area, * - candidate default, U - per-user static route
       o - ODR, P - periodic downloaded static route, H - NHRP, l - LISP
       a - application route
       + - replicated route, % - next hop override, p - overrides from PfR

Gateway of last resort is not set

      4.0.0.0/32 is subnetted, 1 subnets
O        4.4.4.4 [110/2] via 10.4.5.4, 00:54:23, GigabitEthernet1.45
      5.0.0.0/32 is subnetted, 1 subnets
C        5.5.5.5 is directly connected, Loopback0
      6.0.0.0/32 is subnetted, 1 subnets
O        6.6.6.6 [110/2] via 10.5.6.6, 00:54:22, GigabitEthernet1.56
      7.0.0.0/32 is subnetted, 1 subnets
B        7.7.7.7 [20/0] via 10.1.5.1, 00:54:04
      10.0.0.0/8 is variably subnetted, 7 subnets, 2 masks
C        10.1.5.0/24 is directly connected, GigabitEthernet1.15
L        10.1.5.5/32 is directly connected, GigabitEthernet1.15
C        10.4.5.0/24 is directly connected, GigabitEthernet1.45
L        10.4.5.5/32 is directly connected, GigabitEthernet1.45
O        10.4.6.0/24 [110/2] via 10.5.6.6, 00:54:22, GigabitEthernet1.56
                     [110/2] via 10.4.5.4, 00:54:21, GigabitEthernet1.45
C        10.5.6.0/24 is directly connected, GigabitEthernet1.56
L        10.5.6.5/32 is directly connected, GigabitEthernet1.56
CSR-5-CE-ASN-456#
CSR-5-CE-ASN-456#
CSR-5-CE-ASN-456#
CSR-5-CE-ASN-456#
CSR-5-CE-ASN-456#
CSR-5-CE-ASN-456#
CSR-5-CE-ASN-456#
CSR-5-CE-ASN-456#
CSR-5-CE-ASN-456#
CSR-5-CE-ASN-456#
CSR-5-CE-ASN-456#
CSR-5-CE-ASN-456#
CSR-5-CE-ASN-456#
CSR-5-CE-ASN-456#show ip ospf neighbor

Neighbor ID     Pri   State           Dead Time   Address         Interface
6.6.6.6         255   FULL/DR         00:00:33    10.5.6.6        GigabitEthernet1.56
4.4.4.4           1   FULL/BDR        00:00:37    10.4.5.4        GigabitEthernet1.45
CSR-5-CE-ASN-456#
CSR-5-CE-ASN-456#
CSR-5-CE-ASN-456#
CSR-5-CE-ASN-456#
CSR-5-CE-ASN-456#
CSR-5-CE-ASN-456#
CSR-5-CE-ASN-456#
CSR-5-CE-ASN-456#
CSR-5-CE-ASN-456#
CSR-5-CE-ASN-456#
CSR-5-CE-ASN-456#
CSR-5-CE-ASN-456#
CSR-5-CE-ASN-456#
CSR-5-CE-ASN-456#
CSR-5-CE-ASN-456#
CSR-5-CE-ASN-456#traceroute 7.7.7.7 source loopback 0
Type escape sequence to abort.
Tracing the route to 7.7.7.7
VRF info: (vrf in name/id, vrf out name/id)
  1 10.1.5.1 10 msec 16 msec 51 msec
  2 10.1.11.11 [MPLS: Labels 24011/30 Exp 0] 63 msec 62 msec 62 msec
  3 10.11.12.12 [MPLS: Labels 24002/30 Exp 0] 66 msec 62 msec 61 msec
  4 10.12.13.13 [MPLS: Labels 24001/30 Exp 0] 59 msec 74 msec 55 msec
  5 10.3.7.3 [MPLS: Label 30 Exp 0] 65 msec 65 msec 50 msec
  6 10.3.7.7 65 msec *  91 msec
CSR-5-CE-ASN-456#
CSR-5-CE-ASN-456#
CSR-5-CE-ASN-456#
CSR-5-CE-ASN-456#
CSR-5-CE-ASN-456#!
CSR-5-CE-ASN-456#
CSR-5-CE-ASN-456#
CSR-5-CE-ASN-456#wr
Building configuration...
[OK]
CSR-5-CE-ASN-456#!
CSR-5-CE-ASN-456#
CSR-5-CE-ASN-456#
CSR-5-CE-ASN-456#terminal length 0
CSR-5-CE-ASN-456#more system:running-config
!
! Last configuration change at 18:12:39 UTC Sat Oct 31 2020
!
version 16.6
service timestamps debug datetime msec
service timestamps log datetime msec
platform qfp utilization monitor load 80
no platform punt-keepalive disable-kernel-core
platform console serial
!
hostname CSR-5-CE-ASN-456
!
boot-start-marker
boot-end-marker
!
!
!
no aaa new-model
!
!
!
!
!
!
!
no ip domain lookup
!
!
!
no login on-success log
!
!
!
!
!
!
!
subscriber templating
! 
! 
! 
! 
!
ipv6 unicast-routing
!
!
multilink bundle-name authenticated
!
!
!
!
!
crypto pki trustpoint TP-self-signed-3738844489
 enrollment selfsigned
 subject-name cn=IOS-Self-Signed-Certificate-3738844489
 revocation-check none
 rsakeypair TP-self-signed-3738844489
!
!
crypto pki certificate chain TP-self-signed-3738844489
!
!
!
!
!
!
!
!
!
license udi pid CSR1000V sn 9S21TB3Q7A7
diagnostic bootup level minimal
spanning-tree extend system-id
!
!
!
!
redundancy
!
!
!
!
!
!
! 
!
!
!
!
!
!
!
!
!
!
!
!
! 
! 
!
!
interface Loopback0
 ip address 5.5.5.5 255.255.255.255
 ipv6 address 2001::5/128
!
interface GigabitEthernet1
 no ip address
 negotiation auto
 no mop enabled
 no mop sysid
!
interface GigabitEthernet1.15
 encapsulation dot1Q 15
 ip address 10.1.5.5 255.255.255.0
 ipv6 address 2001:1:5::5/64
!
interface GigabitEthernet1.45
 encapsulation dot1Q 45
 ip address 10.4.5.5 255.255.255.0
 ipv6 address 2001:4:5::5/64
!
interface GigabitEthernet1.56
 encapsulation dot1Q 56
 ip address 10.5.6.5 255.255.255.0
 ipv6 address 2001:5:6::5/64
!
router ospf 1
 network 5.5.5.5 0.0.0.0 area 0
 network 10.4.5.0 0.0.0.255 area 0
 network 10.5.6.0 0.0.0.255 area 0
!
router bgp 456
 bgp log-neighbor-changes
 network 5.5.5.5 mask 255.255.255.255
 neighbor 6.6.6.6 remote-as 456
 neighbor 6.6.6.6 update-source Loopback0
 neighbor 6.6.6.6 next-hop-self
 neighbor 10.1.5.1 remote-as 1
 neighbor 10.1.5.1 allowas-in
!
!
virtual-service csr_mgmt
!
ip forward-protocol nd
ip http server
ip http authentication local
ip http secure-server
!
!
!
!
!
!
control-plane
!
!
!
!
!
!
line con 0
 exec-timeout 0 0
 stopbits 1
line vty 0 4
 login
!
!
!
!
!
!
end

CSR-5-CE-ASN-456#quit





























































CSR-5-CE-ASN-456 con0 is now available





Press RETURN to get started.



